<?xml version="1.0" encoding="UTF-8"?>
<coverage generated="1657535236520" clover="3.2.0">
  <project timestamp="1657535236520" name="All files">
    <metrics statements="24" coveredstatements="23" conditionals="17" coveredconditionals="14" methods="8" coveredmethods="8" elements="49" coveredelements="45" complexity="0" loc="24" ncloc="24" packages="1" files="2" classes="2"/>
    <file name="computePoint.ts" path="/Users/guillaumemunsch/Projects/tennis/src/computePoint.ts">
      <metrics statements="10" coveredstatements="10" conditionals="9" coveredconditionals="7" methods="4" coveredmethods="4"/>
      <line num="3" count="2" type="stmt"/>
      <line num="11" count="5" type="stmt"/>
      <line num="14" count="5" type="stmt"/>
      <line num="17" count="5" type="cond" truecount="4" falsecount="1"/>
      <line num="20" count="5" type="stmt"/>
      <line num="29" count="1" type="stmt"/>
      <line num="30" count="4" type="stmt"/>
      <line num="31" count="4" type="cond" truecount="2" falsecount="0"/>
      <line num="32" count="2" type="stmt"/>
      <line num="37" count="2" type="stmt"/>
    </file>
    <file name="index.ts" path="/Users/guillaumemunsch/Projects/tennis/src/index.ts">
      <metrics statements="14" coveredstatements="13" conditionals="8" coveredconditionals="7" methods="4" coveredmethods="4"/>
      <line num="3" count="1" type="stmt"/>
      <line num="21" count="2" type="stmt"/>
      <line num="23" count="13" type="stmt"/>
      <line num="24" count="13" type="cond" truecount="1" falsecount="1"/>
      <line num="25" count="0" type="stmt"/>
      <line num="27" count="13" type="stmt"/>
      <line num="29" count="13" type="cond" truecount="2" falsecount="0"/>
      <line num="30" count="2" type="stmt"/>
      <line num="31" count="11" type="cond" truecount="2" falsecount="0"/>
      <line num="32" count="4" type="stmt"/>
      <line num="35" count="16" type="stmt"/>
      <line num="36" count="7" type="cond" truecount="2" falsecount="0"/>
      <line num="37" count="2" type="stmt"/>
      <line num="40" count="5" type="stmt"/>
    </file>
  </project>
</coverage>
