<?xml version="1.0" encoding="UTF-8"?>
<coverage generated="1658230693174" clover="3.2.0">
  <project timestamp="1658230693174" name="All files">
    <metrics statements="45" coveredstatements="26" conditionals="29" coveredconditionals="12" methods="17" coveredmethods="10" elements="91" coveredelements="48" complexity="0" loc="45" ncloc="45" packages="1" files="3" classes="3"/>
    <file name="computePoint.ts" path="/Users/guillaumemunsch/Projects/tennis/src/computePoint.ts">
      <metrics statements="10" coveredstatements="3" conditionals="9" coveredconditionals="0" methods="4" coveredmethods="0"/>
      <line num="3" count="1" type="stmt"/>
      <line num="9" count="1" type="stmt"/>
      <line num="10" count="0" type="stmt"/>
      <line num="11" count="0" type="stmt"/>
      <line num="14" count="0" type="cond" truecount="0" falsecount="5"/>
      <line num="17" count="0" type="stmt"/>
      <line num="26" count="1" type="stmt"/>
      <line num="27" count="0" type="cond" truecount="0" falsecount="2"/>
      <line num="28" count="0" type="stmt"/>
      <line num="33" count="0" type="stmt"/>
    </file>
    <file name="createGameState.ts" path="/Users/guillaumemunsch/Projects/tennis/src/createGameState.ts">
      <metrics statements="18" coveredstatements="17" conditionals="12" coveredconditionals="12" methods="9" coveredmethods="8"/>
      <line num="3" count="3" type="stmt"/>
      <line num="5" count="2" type="stmt"/>
      <line num="8" count="4" type="stmt"/>
      <line num="12" count="2" type="cond" truecount="2" falsecount="0"/>
      <line num="13" count="1" type="stmt"/>
      <line num="17" count="3" type="stmt"/>
      <line num="20" count="0" type="stmt"/>
      <line num="23" count="1" type="stmt"/>
      <line num="24" count="32" type="stmt"/>
      <line num="28" count="51" type="stmt"/>
      <line num="29" count="26" type="stmt"/>
      <line num="30" count="26" type="stmt"/>
      <line num="31" count="26" type="cond" truecount="2" falsecount="0"/>
      <line num="33" count="26" type="cond" truecount="2" falsecount="0"/>
      <line num="35" count="26" type="cond" truecount="2" falsecount="0"/>
      <line num="37" count="25" type="cond" truecount="2" falsecount="0"/>
      <line num="38" count="25" type="cond" truecount="2" falsecount="0"/>
      <line num="39" count="23" type="stmt"/>
    </file>
    <file name="index.ts" path="/Users/guillaumemunsch/Projects/tennis/src/index.ts">
      <metrics statements="17" coveredstatements="6" conditionals="8" coveredconditionals="0" methods="4" coveredmethods="2"/>
      <line num="3" count="1" type="stmt"/>
      <line num="34" count="1" type="stmt"/>
      <line num="36" count="1" type="stmt"/>
      <line num="42" count="1" type="stmt"/>
      <line num="43" count="5" type="stmt"/>
      <line num="44" count="5" type="stmt"/>
      <line num="46" count="0" type="cond" truecount="0" falsecount="2"/>
      <line num="47" count="0" type="stmt"/>
      <line num="50" count="0" type="cond" truecount="0" falsecount="2"/>
      <line num="51" count="0" type="stmt"/>
      <line num="52" count="0" type="cond" truecount="0" falsecount="2"/>
      <line num="53" count="0" type="stmt"/>
      <line num="56" count="0" type="stmt"/>
      <line num="57" count="0" type="stmt"/>
      <line num="58" count="0" type="cond" truecount="0" falsecount="2"/>
      <line num="59" count="0" type="stmt"/>
      <line num="62" count="0" type="stmt"/>
    </file>
  </project>
</coverage>
