{"/Users/guillaumemunsch/Projects/tennis/src/computePoint.ts": {"path":"/Users/guillaumemunsch/Projects/tennis/src/computePoint.ts","statementMap":{"0":{"start":{"line":3,"column":41},"end":{"line":9,"column":2}},"1":{"start":{"line":3,"column":99},"end":{"line":9,"column":1}},"2":{"start":{"line":11,"column":34},"end":{"line":27,"column":1}},"3":{"start":{"line":11,"column":87},"end":{"line":27,"column":1}},"4":{"start":{"line":14,"column":26},"end":{"line":14,"column":61}},"5":{"start":{"line":17,"column":4},"end":{"line":19,"column":71}},"6":{"start":{"line":20,"column":2},"end":{"line":26,"column":4}},"7":{"start":{"line":29,"column":45},"end":{"line":44,"column":1}},"8":{"start":{"line":30,"column":19},"end":{"line":30,"column":28}},"9":{"start":{"line":31,"column":2},"end":{"line":36,"column":3}},"10":{"start":{"line":32,"column":4},"end":{"line":35,"column":6}},"11":{"start":{"line":37,"column":2},"end":{"line":43,"column":4}}},"fnMap":{"0":{"name":"(anonymous_0)","decl":{"start":{"line":3,"column":41},"end":{"line":3,"column":42}},"loc":{"start":{"line":3,"column":99},"end":{"line":9,"column":1}},"line":3},"1":{"name":"(anonymous_1)","decl":{"start":{"line":11,"column":34},"end":{"line":11,"column":35}},"loc":{"start":{"line":11,"column":87},"end":{"line":27,"column":1}},"line":11},"2":{"name":"(anonymous_2)","decl":{"start":{"line":11,"column":87},"end":{"line":11,"column":88}},"loc":{"start":{"line":13,"column":16},"end":{"line":27,"column":1}},"line":13},"3":{"name":"(anonymous_3)","decl":{"start":{"line":29,"column":45},"end":{"line":29,"column":46}},"loc":{"start":{"line":29,"column":100},"end":{"line":44,"column":1}},"line":29}},"branchMap":{"0":{"loc":{"start":{"line":17,"column":4},"end":{"line":19,"column":71}},"type":"binary-expr","locations":[{"start":{"line":17,"column":4},"end":{"line":17,"column":27}},{"start":{"line":18,"column":6},"end":{"line":18,"column":26}},{"start":{"line":18,"column":30},"end":{"line":18,"column":68}},{"start":{"line":19,"column":7},"end":{"line":19,"column":27}},{"start":{"line":19,"column":31},"end":{"line":19,"column":69}}],"line":17},"1":{"loc":{"start":{"line":21,"column":12},"end":{"line":21,"column":50}},"type":"cond-expr","locations":[{"start":{"line":21,"column":31},"end":{"line":21,"column":38}},{"start":{"line":21,"column":41},"end":{"line":21,"column":50}}],"line":21},"2":{"loc":{"start":{"line":31,"column":2},"end":{"line":36,"column":3}},"type":"if","locations":[{"start":{"line":31,"column":2},"end":{"line":36,"column":3}},{"start":{},"end":{}}],"line":31}},"s":{"0":1,"1":2,"2":1,"3":5,"4":5,"5":5,"6":5,"7":1,"8":4,"9":4,"10":2,"11":2},"f":{"0":2,"1":5,"2":5,"3":4},"b":{"0":[5,1,1,1,0],"1":[0,5],"2":[2,2]},"_coverageSchema":"1a1c01bbd47fc00a2c39e90264f33305004495a9","hash":"73691d24b14cb4633e46c8f40fb84bbfd2bed023"}
,"/Users/guillaumemunsch/Projects/tennis/src/index.ts": {"path":"/Users/guillaumemunsch/Projects/tennis/src/index.ts","statementMap":{"0":{"start":{"line":3,"column":22},"end":{"line":3,"column":61}},"1":{"start":{"line":21,"column":26},"end":{"line":21,"column":85}},"2":{"start":{"line":21,"column":59},"end":{"line":21,"column":84}},"3":{"start":{"line":23,"column":23},"end":{"line":41,"column":1}},"4":{"start":{"line":23,"column":43},"end":{"line":41,"column":1}},"5":{"start":{"line":24,"column":2},"end":{"line":26,"column":3}},"6":{"start":{"line":25,"column":4},"end":{"line":25,"column":21}},"7":{"start":{"line":27,"column":19},"end":{"line":27,"column":28}},"8":{"start":{"line":29,"column":2},"end":{"line":33,"column":3}},"9":{"start":{"line":30,"column":4},"end":{"line":30,"column":56}},"10":{"start":{"line":31,"column":9},"end":{"line":33,"column":3}},"11":{"start":{"line":32,"column":4},"end":{"line":32,"column":60}},"12":{"start":{"line":35,"column":34},"end":{"line":35,"column":83}},"13":{"start":{"line":35,"column":60},"end":{"line":35,"column":82}},"14":{"start":{"line":36,"column":2},"end":{"line":38,"column":3}},"15":{"start":{"line":37,"column":4},"end":{"line":37,"column":37}},"16":{"start":{"line":40,"column":2},"end":{"line":40,"column":72}}},"fnMap":{"0":{"name":"(anonymous_0)","decl":{"start":{"line":21,"column":26},"end":{"line":21,"column":27}},"loc":{"start":{"line":21,"column":59},"end":{"line":21,"column":84}},"line":21},"1":{"name":"(anonymous_1)","decl":{"start":{"line":23,"column":23},"end":{"line":23,"column":24}},"loc":{"start":{"line":23,"column":43},"end":{"line":41,"column":1}},"line":23},"2":{"name":"(anonymous_2)","decl":{"start":{"line":23,"column":43},"end":{"line":23,"column":44}},"loc":{"start":{"line":23,"column":80},"end":{"line":41,"column":1}},"line":23},"3":{"name":"(anonymous_3)","decl":{"start":{"line":35,"column":51},"end":{"line":35,"column":52}},"loc":{"start":{"line":35,"column":60},"end":{"line":35,"column":82}},"line":35}},"branchMap":{"0":{"loc":{"start":{"line":24,"column":2},"end":{"line":26,"column":3}},"type":"if","locations":[{"start":{"line":24,"column":2},"end":{"line":26,"column":3}},{"start":{},"end":{}}],"line":24},"1":{"loc":{"start":{"line":29,"column":2},"end":{"line":33,"column":3}},"type":"if","locations":[{"start":{"line":29,"column":2},"end":{"line":33,"column":3}},{"start":{"line":31,"column":9},"end":{"line":33,"column":3}}],"line":29},"2":{"loc":{"start":{"line":31,"column":9},"end":{"line":33,"column":3}},"type":"if","locations":[{"start":{"line":31,"column":9},"end":{"line":33,"column":3}},{"start":{},"end":{}}],"line":31},"3":{"loc":{"start":{"line":36,"column":2},"end":{"line":38,"column":3}},"type":"if","locations":[{"start":{"line":36,"column":2},"end":{"line":38,"column":3}},{"start":{},"end":{}}],"line":36}},"s":{"0":1,"1":1,"2":2,"3":1,"4":13,"5":13,"6":0,"7":13,"8":13,"9":2,"10":11,"11":4,"12":7,"13":16,"14":7,"15":2,"16":5},"f":{"0":2,"1":13,"2":13,"3":16},"b":{"0":[0,13],"1":[2,11],"2":[4,7],"3":[2,5]},"_coverageSchema":"1a1c01bbd47fc00a2c39e90264f33305004495a9","hash":"4ae890ce0c1b32b4c7fb9c655ec6c2f74695be47"}
}
