{"/Users/guillaumemunsch/Projects/tennis/src/computePoint.ts": {"path":"/Users/guillaumemunsch/Projects/tennis/src/computePoint.ts","statementMap":{"0":{"start":{"line":3,"column":41},"end":{"line":6,"column":2}},"1":{"start":{"line":3,"column":99},"end":{"line":6,"column":1}},"2":{"start":{"line":9,"column":2},"end":{"line":24,"column":3}},"3":{"start":{"line":10,"column":2},"end":{"line":24,"column":3}},"4":{"start":{"line":11,"column":28},"end":{"line":11,"column":63}},"5":{"start":{"line":14,"column":6},"end":{"line":16,"column":74}},"6":{"start":{"line":17,"column":4},"end":{"line":23,"column":6}},"7":{"start":{"line":26,"column":45},"end":{"line":36,"column":1}},"8":{"start":{"line":27,"column":2},"end":{"line":32,"column":3}},"9":{"start":{"line":28,"column":4},"end":{"line":31,"column":6}},"10":{"start":{"line":33,"column":2},"end":{"line":35,"column":4}}},"fnMap":{"0":{"name":"(anonymous_0)","decl":{"start":{"line":3,"column":41},"end":{"line":3,"column":42}},"loc":{"start":{"line":3,"column":99},"end":{"line":6,"column":1}},"line":3},"1":{"name":"(anonymous_1)","decl":{"start":{"line":9,"column":2},"end":{"line":9,"column":3}},"loc":{"start":{"line":10,"column":2},"end":{"line":24,"column":3}},"line":10},"2":{"name":"(anonymous_2)","decl":{"start":{"line":10,"column":2},"end":{"line":10,"column":3}},"loc":{"start":{"line":10,"column":48},"end":{"line":24,"column":3}},"line":10},"3":{"name":"(anonymous_3)","decl":{"start":{"line":26,"column":45},"end":{"line":26,"column":46}},"loc":{"start":{"line":26,"column":115},"end":{"line":36,"column":1}},"line":26}},"branchMap":{"0":{"loc":{"start":{"line":14,"column":6},"end":{"line":16,"column":74}},"type":"binary-expr","locations":[{"start":{"line":14,"column":6},"end":{"line":14,"column":29}},{"start":{"line":15,"column":8},"end":{"line":15,"column":28}},{"start":{"line":15,"column":32},"end":{"line":15,"column":71}},{"start":{"line":16,"column":9},"end":{"line":16,"column":29}},{"start":{"line":16,"column":33},"end":{"line":16,"column":72}}],"line":14},"1":{"loc":{"start":{"line":18,"column":14},"end":{"line":18,"column":52}},"type":"cond-expr","locations":[{"start":{"line":18,"column":33},"end":{"line":18,"column":40}},{"start":{"line":18,"column":43},"end":{"line":18,"column":52}}],"line":18},"2":{"loc":{"start":{"line":27,"column":2},"end":{"line":32,"column":3}},"type":"if","locations":[{"start":{"line":27,"column":2},"end":{"line":32,"column":3}},{"start":{},"end":{}}],"line":27}},"s":{"0":1,"1":0,"2":1,"3":0,"4":0,"5":0,"6":0,"7":1,"8":0,"9":0,"10":0},"f":{"0":0,"1":0,"2":0,"3":0},"b":{"0":[0,0,0,0,0],"1":[0,0],"2":[0,0]},"_coverageSchema":"1a1c01bbd47fc00a2c39e90264f33305004495a9","hash":"fbc35f4db687ca5c09f9655f05e8330457b8092c"}
,"/Users/guillaumemunsch/Projects/tennis/src/createGameState.ts": {"path":"/Users/guillaumemunsch/Projects/tennis/src/createGameState.ts","statementMap":{"0":{"start":{"line":3,"column":36},"end":{"line":6,"column":2}},"1":{"start":{"line":3,"column":54},"end":{"line":6,"column":1}},"2":{"start":{"line":5,"column":34},"end":{"line":5,"column":66}},"3":{"start":{"line":8,"column":40},"end":{"line":15,"column":2}},"4":{"start":{"line":8,"column":76},"end":{"line":15,"column":1}},"5":{"start":{"line":12,"column":4},"end":{"line":12,"column":71}},"6":{"start":{"line":12,"column":34},"end":{"line":12,"column":71}},"7":{"start":{"line":13,"column":4},"end":{"line":13,"column":34}},"8":{"start":{"line":17,"column":37},"end":{"line":21,"column":2}},"9":{"start":{"line":17,"column":70},"end":{"line":21,"column":1}},"10":{"start":{"line":20,"column":20},"end":{"line":20,"column":49}},"11":{"start":{"line":23,"column":38},"end":{"line":45,"column":1}},"12":{"start":{"line":24,"column":2},"end":{"line":44,"column":4}},"13":{"start":{"line":28,"column":38},"end":{"line":28,"column":104}},"14":{"start":{"line":28,"column":73},"end":{"line":28,"column":103}},"15":{"start":{"line":29,"column":26},"end":{"line":29,"column":57}},"16":{"start":{"line":30,"column":30},"end":{"line":30,"column":65}},"17":{"start":{"line":31,"column":26},"end":{"line":31,"column":70}},"18":{"start":{"line":33,"column":31},"end":{"line":33,"column":85}},"19":{"start":{"line":35,"column":6},"end":{"line":35,"column":58}},"20":{"start":{"line":35,"column":28},"end":{"line":35,"column":58}},"21":{"start":{"line":37,"column":34},"end":{"line":37,"column":84}},"22":{"start":{"line":38,"column":6},"end":{"line":38,"column":68}},"23":{"start":{"line":38,"column":31},"end":{"line":38,"column":68}},"24":{"start":{"line":39,"column":6},"end":{"line":42,"column":9}}},"fnMap":{"0":{"name":"(anonymous_0)","decl":{"start":{"line":3,"column":36},"end":{"line":3,"column":37}},"loc":{"start":{"line":3,"column":54},"end":{"line":6,"column":1}},"line":3},"1":{"name":"(anonymous_1)","decl":{"start":{"line":5,"column":14},"end":{"line":5,"column":15}},"loc":{"start":{"line":5,"column":34},"end":{"line":5,"column":66}},"line":5},"2":{"name":"(anonymous_2)","decl":{"start":{"line":8,"column":40},"end":{"line":8,"column":41}},"loc":{"start":{"line":8,"column":76},"end":{"line":15,"column":1}},"line":8},"3":{"name":"(anonymous_3)","decl":{"start":{"line":11,"column":14},"end":{"line":11,"column":15}},"loc":{"start":{"line":11,"column":41},"end":{"line":14,"column":3}},"line":11},"4":{"name":"(anonymous_4)","decl":{"start":{"line":17,"column":37},"end":{"line":17,"column":38}},"loc":{"start":{"line":17,"column":70},"end":{"line":21,"column":1}},"line":17},"5":{"name":"(anonymous_5)","decl":{"start":{"line":20,"column":14},"end":{"line":20,"column":15}},"loc":{"start":{"line":20,"column":20},"end":{"line":20,"column":49}},"line":20},"6":{"name":"(anonymous_6)","decl":{"start":{"line":23,"column":38},"end":{"line":23,"column":39}},"loc":{"start":{"line":23,"column":101},"end":{"line":45,"column":1}},"line":23},"7":{"name":"(anonymous_7)","decl":{"start":{"line":27,"column":16},"end":{"line":27,"column":17}},"loc":{"start":{"line":27,"column":36},"end":{"line":43,"column":5}},"line":27},"8":{"name":"(anonymous_8)","decl":{"start":{"line":28,"column":55},"end":{"line":28,"column":56}},"loc":{"start":{"line":28,"column":73},"end":{"line":28,"column":103}},"line":28}},"branchMap":{"0":{"loc":{"start":{"line":12,"column":4},"end":{"line":12,"column":71}},"type":"if","locations":[{"start":{"line":12,"column":4},"end":{"line":12,"column":71}},{"start":{},"end":{}}],"line":12},"1":{"loc":{"start":{"line":31,"column":26},"end":{"line":31,"column":70}},"type":"cond-expr","locations":[{"start":{"line":31,"column":49},"end":{"line":31,"column":58}},{"start":{"line":31,"column":61},"end":{"line":31,"column":70}}],"line":31},"2":{"loc":{"start":{"line":33,"column":31},"end":{"line":33,"column":85}},"type":"binary-expr","locations":[{"start":{"line":33,"column":31},"end":{"line":33,"column":54}},{"start":{"line":33,"column":58},"end":{"line":33,"column":85}}],"line":33},"3":{"loc":{"start":{"line":35,"column":6},"end":{"line":35,"column":58}},"type":"if","locations":[{"start":{"line":35,"column":6},"end":{"line":35,"column":58}},{"start":{},"end":{}}],"line":35},"4":{"loc":{"start":{"line":37,"column":34},"end":{"line":37,"column":84}},"type":"binary-expr","locations":[{"start":{"line":37,"column":34},"end":{"line":37,"column":53}},{"start":{"line":37,"column":57},"end":{"line":37,"column":84}}],"line":37},"5":{"loc":{"start":{"line":38,"column":6},"end":{"line":38,"column":68}},"type":"if","locations":[{"start":{"line":38,"column":6},"end":{"line":38,"column":68}},{"start":{},"end":{}}],"line":38}},"s":{"0":1,"1":3,"2":2,"3":1,"4":4,"5":2,"6":1,"7":1,"8":1,"9":3,"10":0,"11":1,"12":32,"13":26,"14":51,"15":26,"16":26,"17":26,"18":26,"19":26,"20":1,"21":25,"22":25,"23":2,"24":23},"f":{"0":3,"1":2,"2":4,"3":2,"4":3,"5":0,"6":32,"7":26,"8":51},"b":{"0":[1,1],"1":[14,12],"2":[26,6],"3":[1,25],"4":[25,2],"5":[2,23]},"_coverageSchema":"1a1c01bbd47fc00a2c39e90264f33305004495a9","hash":"49d86e71744a5fc8d4b2f4902321fc48e6f64b0c"}
,"/Users/guillaumemunsch/Projects/tennis/src/index.ts": {"path":"/Users/guillaumemunsch/Projects/tennis/src/index.ts","statementMap":{"0":{"start":{"line":3,"column":22},"end":{"line":3,"column":61}},"1":{"start":{"line":34,"column":26},"end":{"line":34,"column":85}},"2":{"start":{"line":34,"column":59},"end":{"line":34,"column":84}},"3":{"start":{"line":36,"column":31},"end":{"line":39,"column":1}},"4":{"start":{"line":42,"column":2},"end":{"line":63,"column":3}},"5":{"start":{"line":43,"column":2},"end":{"line":63,"column":3}},"6":{"start":{"line":44,"column":4},"end":{"line":44,"column":64}},"7":{"start":{"line":46,"column":4},"end":{"line":48,"column":5}},"8":{"start":{"line":47,"column":6},"end":{"line":47,"column":23}},"9":{"start":{"line":50,"column":4},"end":{"line":54,"column":5}},"10":{"start":{"line":51,"column":6},"end":{"line":51,"column":58}},"11":{"start":{"line":52,"column":11},"end":{"line":54,"column":5}},"12":{"start":{"line":53,"column":6},"end":{"line":53,"column":62}},"13":{"start":{"line":56,"column":22},"end":{"line":56,"column":31}},"14":{"start":{"line":57,"column":36},"end":{"line":57,"column":88}},"15":{"start":{"line":57,"column":64},"end":{"line":57,"column":87}},"16":{"start":{"line":58,"column":4},"end":{"line":60,"column":5}},"17":{"start":{"line":59,"column":6},"end":{"line":59,"column":39}},"18":{"start":{"line":62,"column":4},"end":{"line":62,"column":74}}},"fnMap":{"0":{"name":"(anonymous_0)","decl":{"start":{"line":34,"column":26},"end":{"line":34,"column":27}},"loc":{"start":{"line":34,"column":59},"end":{"line":34,"column":84}},"line":34},"1":{"name":"(anonymous_1)","decl":{"start":{"line":42,"column":2},"end":{"line":42,"column":3}},"loc":{"start":{"line":43,"column":2},"end":{"line":63,"column":3}},"line":43},"2":{"name":"(anonymous_2)","decl":{"start":{"line":43,"column":2},"end":{"line":43,"column":3}},"loc":{"start":{"line":43,"column":39},"end":{"line":63,"column":3}},"line":43},"3":{"name":"(anonymous_3)","decl":{"start":{"line":57,"column":53},"end":{"line":57,"column":54}},"loc":{"start":{"line":57,"column":64},"end":{"line":57,"column":87}},"line":57}},"branchMap":{"0":{"loc":{"start":{"line":46,"column":4},"end":{"line":48,"column":5}},"type":"if","locations":[{"start":{"line":46,"column":4},"end":{"line":48,"column":5}},{"start":{},"end":{}}],"line":46},"1":{"loc":{"start":{"line":50,"column":4},"end":{"line":54,"column":5}},"type":"if","locations":[{"start":{"line":50,"column":4},"end":{"line":54,"column":5}},{"start":{"line":52,"column":11},"end":{"line":54,"column":5}}],"line":50},"2":{"loc":{"start":{"line":52,"column":11},"end":{"line":54,"column":5}},"type":"if","locations":[{"start":{"line":52,"column":11},"end":{"line":54,"column":5}},{"start":{},"end":{}}],"line":52},"3":{"loc":{"start":{"line":58,"column":4},"end":{"line":60,"column":5}},"type":"if","locations":[{"start":{"line":58,"column":4},"end":{"line":60,"column":5}},{"start":{},"end":{}}],"line":58}},"s":{"0":1,"1":1,"2":0,"3":1,"4":1,"5":5,"6":5,"7":0,"8":0,"9":0,"10":0,"11":0,"12":0,"13":0,"14":0,"15":0,"16":0,"17":0,"18":0},"f":{"0":0,"1":5,"2":5,"3":0},"b":{"0":[0,0],"1":[0,0],"2":[0,0],"3":[0,0]},"_coverageSchema":"1a1c01bbd47fc00a2c39e90264f33305004495a9","hash":"91d0ce4ce8cbf39f2ae29fbc503d79fc5e66ef8e"}
}
