TN:
SF:src/computePoint.ts
FN:3,(anonymous_0)
FN:9,(anonymous_1)
FN:10,(anonymous_2)
FN:26,(anonymous_3)
FNF:4
FNH:0
FNDA:0,(anonymous_0)
FNDA:0,(anonymous_1)
FNDA:0,(anonymous_2)
FNDA:0,(anonymous_3)
DA:3,1
DA:9,1
DA:10,0
DA:11,0
DA:14,0
DA:17,0
DA:26,1
DA:27,0
DA:28,0
DA:33,0
LF:10
LH:3
BRDA:14,0,0,0
BRDA:14,0,1,0
BRDA:14,0,2,0
BRDA:14,0,3,0
BRDA:14,0,4,0
BRDA:18,1,0,0
BRDA:18,1,1,0
BRDA:27,2,0,0
BRDA:27,2,1,0
BRF:9
BRH:0
end_of_record
TN:
SF:src/createGameState.ts
FN:3,(anonymous_0)
FN:5,(anonymous_1)
FN:8,(anonymous_2)
FN:11,(anonymous_3)
FN:17,(anonymous_4)
FN:20,(anonymous_5)
FN:23,(anonymous_6)
FN:27,(anonymous_7)
FN:28,(anonymous_8)
FNF:9
FNH:8
FNDA:3,(anonymous_0)
FNDA:2,(anonymous_1)
FNDA:4,(anonymous_2)
FNDA:2,(anonymous_3)
FNDA:3,(anonymous_4)
FNDA:0,(anonymous_5)
FNDA:32,(anonymous_6)
FNDA:26,(anonymous_7)
FNDA:51,(anonymous_8)
DA:3,3
DA:5,2
DA:8,4
DA:12,2
DA:13,1
DA:17,3
DA:20,0
DA:23,1
DA:24,32
DA:28,51
DA:29,26
DA:30,26
DA:31,26
DA:33,26
DA:35,26
DA:37,25
DA:38,25
DA:39,23
LF:18
LH:17
BRDA:12,0,0,1
BRDA:12,0,1,1
BRDA:31,1,0,14
BRDA:31,1,1,12
BRDA:33,2,0,26
BRDA:33,2,1,6
BRDA:35,3,0,1
BRDA:35,3,1,25
BRDA:37,4,0,25
BRDA:37,4,1,2
BRDA:38,5,0,2
BRDA:38,5,1,23
BRF:12
BRH:12
end_of_record
TN:
SF:src/index.ts
FN:34,(anonymous_0)
FN:42,(anonymous_1)
FN:43,(anonymous_2)
FN:57,(anonymous_3)
FNF:4
FNH:2
FNDA:0,(anonymous_0)
FNDA:5,(anonymous_1)
FNDA:5,(anonymous_2)
FNDA:0,(anonymous_3)
DA:3,1
DA:34,1
DA:36,1
DA:42,1
DA:43,5
DA:44,5
DA:46,0
DA:47,0
DA:50,0
DA:51,0
DA:52,0
DA:53,0
DA:56,0
DA:57,0
DA:58,0
DA:59,0
DA:62,0
LF:17
LH:6
BRDA:46,0,0,0
BRDA:46,0,1,0
BRDA:50,1,0,0
BRDA:50,1,1,0
BRDA:52,2,0,0
BRDA:52,2,1,0
BRDA:58,3,0,0
BRDA:58,3,1,0
BRF:8
BRH:0
end_of_record
