TN:
SF:src/computePoint.ts
FN:3,(anonymous_0)
FN:11,(anonymous_1)
FN:11,(anonymous_2)
FN:29,(anonymous_3)
FNF:4
FNH:4
FNDA:2,(anonymous_0)
FNDA:5,(anonymous_1)
FNDA:5,(anonymous_2)
FNDA:4,(anonymous_3)
DA:3,2
DA:11,5
DA:14,5
DA:17,5
DA:20,5
DA:29,1
DA:30,4
DA:31,4
DA:32,2
DA:37,2
LF:10
LH:10
BRDA:17,0,0,5
BRDA:17,0,1,1
BRDA:17,0,2,1
BRDA:17,0,3,1
BRDA:17,0,4,0
BRDA:21,1,0,0
BRDA:21,1,1,5
BRDA:31,2,0,2
BRDA:31,2,1,2
BRF:9
BRH:7
end_of_record
TN:
SF:src/index.ts
FN:21,(anonymous_0)
FN:23,(anonymous_1)
FN:23,(anonymous_2)
FN:35,(anonymous_3)
FNF:4
FNH:4
FNDA:2,(anonymous_0)
FNDA:13,(anonymous_1)
FNDA:13,(anonymous_2)
FNDA:16,(anonymous_3)
DA:3,1
DA:21,2
DA:23,13
DA:24,13
DA:25,0
DA:27,13
DA:29,13
DA:30,2
DA:31,11
DA:32,4
DA:35,16
DA:36,7
DA:37,2
DA:40,5
LF:14
LH:13
BRDA:24,0,0,0
BRDA:24,0,1,13
BRDA:29,1,0,2
BRDA:29,1,1,11
BRDA:31,2,0,4
BRDA:31,2,1,7
BRDA:36,3,0,2
BRDA:36,3,1,5
BRF:8
BRH:7
end_of_record
